2026-04-18 21:44:43,845 - app - INFO - Starting server...
2026-04-18 21:46:14,983 - app - INFO - Starting server...
2026-04-18 21:46:15,941 - asyncio - DEBUG - Using selector: SelectSelector
2026-04-18 21:46:15,976 - api_auth.presentation.ioc - DEBUG - Creating async engine for database...
2026-04-18 21:46:16,045 - api_auth.presentation.ioc - DEBUG - Creating session factory...
2026-04-18 21:46:16,054 - watchfiles.main - DEBUG - 1 change detected: {(<Change.modified: 2>, 'S:\\Shop\\backend\\api\\app.log')}
2026-04-18 21:46:16,411 - watchfiles.main - DEBUG - 1 change detected: {(<Change.modified: 2>, 'S:\\Shop\\backend\\api\\app.log')}
2026-04-18 21:46:16,772 - watchfiles.main - DEBUG - 1 change detected: {(<Change.modified: 2>, 'S:\\Shop\\backend\\api\\app.log')}
2026-04-18 21:46:17,130 - watchfiles.main - DEBUG - 1 change detected: {(<Change.modified: 2>, 'S:\\Shop\\backend\\api\\app.log')}
2026-04-18 21:46:17,490 - watchfiles.main - DEBUG - 1 change detected: {(<Change.modified: 2>, 'S:\\Shop\\backend\\api\\app.log')}
2026-04-18 21:46:17,849 - watchfiles.main - DEBUG - 1 change detected: {(<Change.modified: 2>, 'S:\\Shop\\backend\\api\\app.log')}
2026-04-18 21:46:18,207 - watchfiles.main - DEBUG - 1 change detected: {(<Change.modified: 2>, 'S:\\Shop\\backend\\api\\app.log')}
2026-04-18 21:46:18,565 - watchfiles.main - DEBUG - 1 change detected: {(<Change.modified: 2>, 'S:\\Shop\\backend\\api\\app.log')}
2026-04-18 21:46:44,742 - my_app - INFO - Starting server...
2026-04-18 21:50:23,104 - my_app - INFO - Starting server...
2026-04-18 22:15:34,512 - my_app - INFO - Starting server...
2026-04-18 22:34:33,488 - my_app - INFO - Starting server...
2026-04-19 13:35:42,941 - my_app - INFO - Starting server...
2026-04-19 13:35:57,312 - my_app - INFO - Starting server...
2026-04-19 14:21:47,575 - my_app - INFO - Starting server...
2026-04-19 15:50:55,676 - my_app - INFO - Starting server...
2026-04-19 17:13:48,881 - my_app - INFO - Starting server...
2026-04-19 17:14:16,885 - my_app - INFO - Starting server...
2026-04-19 17:15:54,270 - my_app - INFO - Starting server...
2026-04-19 21:58:21,843 - my_app - INFO - Starting server...
2026-04-19 22:19:47,579 - my_app - INFO - Starting server...
2026-04-20 00:19:49,922 - my_app - INFO - Starting server...
2026-04-20 00:27:13,037 - my_app - INFO - Starting server...
2026-04-20 00:28:26,020 - my_app - INFO - Starting server...
